[2020-06-03 09:26:55] Executing bootstrap tasks
[2020-06-03 09:26:55] Java(TM) SE Runtime Environment 1.8.0_241-b07
[2020-06-03 09:26:55] Product org.eclipse.products.org.eclipse.platform.ide.latest.released
[2020-06-03 09:26:55] Bundle org.eclipse.oomph.setup 1.14.0.v20190815-1111, build=4222, branch=df1f9db2f1c3e575486f818cae17bfd35a376162
[2020-06-03 09:26:55] Bundle org.eclipse.oomph.setup.core 1.14.0.v20190705-1542, build=4222, branch=df1f9db2f1c3e575486f818cae17bfd35a376162
[2020-06-03 09:26:55] Bundle org.eclipse.oomph.setup.installer 1.14.0.v20190823-0726, build=4222, branch=df1f9db2f1c3e575486f818cae17bfd35a376162
[2020-06-03 09:26:55] Bundle org.eclipse.oomph.setup.p2 1.12.0.v20190704-1252, build=4222, branch=df1f9db2f1c3e575486f818cae17bfd35a376162
[2020-06-03 09:26:55] Performing P2 Director (Eclipse Platform (2020-03))
[2020-06-03 09:26:55] Offline = false
[2020-06-03 09:26:55] Mirrors = true
[2020-06-03 09:26:55] Resolving 4 requirements from 2 repositories to C:\Users\AdminEtu\Desktop\Outils\eclipse\taqmac_ide\eclipse
[2020-06-03 09:26:55] Requirement org.eclipse.platform.ide [4.15.0,5.0.0)
[2020-06-03 09:26:55] Requirement org.eclipse.platform.feature.group [4.15.0,5.0.0)
[2020-06-03 09:26:55] Requirement org.eclipse.rcp.feature.group [4.15.0,5.0.0)
[2020-06-03 09:26:55] Requirement org.eclipse.oomph.setup.feature.group
[2020-06-03 09:26:55] Repository http://download.eclipse.org/releases/2020-03/202003181000
[2020-06-03 09:26:55] Repository http://download.eclipse.org/oomph/updates/milestone/latest
[2020-06-03 09:26:57] Calculating requirements and dependencies.
[2020-06-03 09:26:57] Computing prerequisite plan
[2020-06-03 09:26:58] Collecting 3 artifacts from http://download.eclipse.org/releases/2020-03/202003181000
[2020-06-03 09:26:59] Downloading org.eclipse.platform_root
[2020-06-03 09:26:59] Downloading org.eclipse.rcp_root
[2020-06-03 09:26:59] Downloading org.eclipse.platform.ide.executable.win32.win32.x86_64
[2020-06-03 09:26:59] Collected 3 artifacts for http://download.eclipse.org/releases/2020-03/202003181000 in 0.563s
[2020-06-03 09:27:05] Installing a.jre.javase [14.0.0]
[2020-06-03 09:27:05] Installing com.ibm.icu [64.2.0.v20190507-1337]
[2020-06-03 09:27:05] Installing com.jcraft.jsch [0.1.55.v20190404-1902]
[2020-06-03 09:27:05] Installing com.sun.el [2.2.0.v201303151357]
[2020-06-03 09:27:05] Installing com.sun.jna [4.5.1.v20190425-1842]
[2020-06-03 09:27:05] Installing com.sun.jna.platform [4.5.1.v20190425-1842]
[2020-06-03 09:27:05] Installing javax.annotation [1.2.0.v201602091430]
[2020-06-03 09:27:05] Installing javax.el [2.2.0.v201303151357]
[2020-06-03 09:27:05] Installing javax.inject [1.0.0.v20091030]
[2020-06-03 09:27:05] Installing javax.servlet [3.1.0.v201410161800]
[2020-06-03 09:27:05] Installing javax.servlet.jsp [2.2.0.v201112011158]
[2020-06-03 09:27:05] Installing org.apache.ant [1.10.7.v20190926-0324]
[2020-06-03 09:27:05] Installing org.apache.batik.constants [1.11.0.v20190515-0436]
[2020-06-03 09:27:05] Installing org.apache.batik.css [1.11.0.v20190515-0436]
[2020-06-03 09:27:05] Installing org.apache.batik.i18n [1.11.0.v20190515-0436]
[2020-06-03 09:27:05] Installing org.apache.batik.util [1.11.0.v20190515-0436]
[2020-06-03 09:27:05] Installing org.apache.commons.codec [1.13.0.v20200108-0001]
[2020-06-03 09:27:05] Installing org.apache.commons.io [2.6.0.v20190123-2029]
[2020-06-03 09:27:05] Installing org.apache.commons.jxpath [1.3.0.v200911051830]
[2020-06-03 09:27:05] Installing org.apache.commons.logging [1.2.0.v20180409-1502]
[2020-06-03 09:27:05] Installing org.apache.felix.gogo.command [1.0.2.v20170914-1324]
[2020-06-03 09:27:05] Installing org.apache.felix.gogo.runtime [1.1.0.v20180713-1646]
[2020-06-03 09:27:05] Installing org.apache.felix.gogo.shell [1.1.0.v20180713-1646]
[2020-06-03 09:27:05] Installing org.apache.felix.scr [2.1.16.v20200110-1820]
[2020-06-03 09:27:05] Installing org.apache.httpcomponents.httpclient [4.5.10.v20200114-1512]
[2020-06-03 09:27:05] Installing org.apache.httpcomponents.httpclient.win [4.5.10.v20200113-2105]
[2020-06-03 09:27:05] Installing org.apache.httpcomponents.httpcore [4.4.12.v20200108-1212]
[2020-06-03 09:27:05] Installing org.apache.jasper.glassfish [2.2.2.v201501141630]
[2020-06-03 09:27:05] Installing org.apache.lucene.analyzers-common [8.4.1.v20200122-1459]
[2020-06-03 09:27:05] Installing org.apache.lucene.analyzers-smartcn [8.4.1.v20200122-1459]
[2020-06-03 09:27:05] Installing org.apache.lucene.core [8.4.1.v20200122-1459]
[2020-06-03 09:27:05] Installing org.apache.xmlgraphics [2.3.0.v20190515-0436]
[2020-06-03 09:27:05] Installing org.eclipse.ant.core [3.5.700.v20191221-1203]
[2020-06-03 09:27:05] Installing org.eclipse.compare [3.7.900.v20200129-0902]
[2020-06-03 09:27:05] Installing org.eclipse.compare.core [3.6.800.v20191213-2246]
[2020-06-03 09:27:05] Installing org.eclipse.compare.win32 [1.2.800.v20200127-1343]
[2020-06-03 09:27:05] Installing org.eclipse.core.commands [3.9.700.v20191217-1850]
[2020-06-03 09:27:05] Installing org.eclipse.core.contenttype [3.7.600.v20200124-1609]
[2020-06-03 09:27:05] Installing org.eclipse.core.databinding [1.8.0.v20200205-2008]
[2020-06-03 09:27:05] Installing org.eclipse.core.databinding.beans [1.6.100.v20191217-1850]
[2020-06-03 09:27:05] Installing org.eclipse.core.databinding.observable [1.9.0.v20200205-2119]
[2020-06-03 09:27:05] Installing org.eclipse.core.databinding.property [1.8.0.v20200124-0715]
[2020-06-03 09:27:05] Installing org.eclipse.core.expressions [3.6.700.v20200212-1751]
[2020-06-03 09:27:05] Installing org.eclipse.core.externaltools [1.1.600.v20200216-2241]
[2020-06-03 09:27:05] Installing org.eclipse.core.filebuffers [3.6.900.v20200117-0616]
[2020-06-03 09:27:05] Installing org.eclipse.core.filesystem [1.7.700.v20200110-1734]
[2020-06-03 09:27:05] Installing org.eclipse.core.filesystem.win32.x86_64 [1.4.200.v20190812-0909]
[2020-06-03 09:27:05] Installing org.eclipse.core.jobs [3.10.700.v20200106-1020]
[2020-06-03 09:27:05] Installing org.eclipse.core.net [1.3.800.v20200218-0937]
[2020-06-03 09:27:05] Installing org.eclipse.core.net.win32.x86_64 [1.1.500.v20190925-1337]
[2020-06-03 09:27:05] Installing org.eclipse.core.resources [3.13.700.v20200209-1624]
[2020-06-03 09:27:05] Installing org.eclipse.core.resources.win32.x86_64 [3.5.400.v20190812-0909]
[2020-06-03 09:27:05] Installing org.eclipse.core.runtime [3.17.100.v20200203-0917]
[2020-06-03 09:27:05] Installing org.eclipse.core.variables [3.4.800.v20200120-1101]
[2020-06-03 09:27:05] Installing org.eclipse.debug.core [3.15.0.v20200224-0654]
[2020-06-03 09:27:05] Installing org.eclipse.debug.ui [3.14.400.v20200222-1431]
[2020-06-03 09:27:05] Installing org.eclipse.e4.core.commands [0.12.900.v20200110-1732]
[2020-06-03 09:27:05] Installing org.eclipse.e4.core.contexts [1.8.400.v20191217-1710]
[2020-06-03 09:27:05] Installing org.eclipse.e4.core.di [1.7.500.v20190916-2125]
[2020-06-03 09:27:05] Installing org.eclipse.e4.core.di.annotations [1.6.600.v20191216-2352]
[2020-06-03 09:27:05] Installing org.eclipse.e4.core.di.extensions [0.15.500.v20200106-1259]
[2020-06-03 09:27:05] Installing org.eclipse.e4.core.di.extensions.supplier [0.15.500.v20200106-1259]
[2020-06-03 09:27:05] Installing org.eclipse.e4.core.services [2.2.200.v20200127-0814]
[2020-06-03 09:27:05] Installing org.eclipse.e4.emf.xpath [0.2.600.v20191216-0805]
[2020-06-03 09:27:05] Installing org.eclipse.e4.rcp.feature.group [4.15.0.v20200304-0601]
[2020-06-03 09:27:05] Installing org.eclipse.e4.rcp.feature.jar [4.15.0.v20200304-0601]
[2020-06-03 09:27:05] Installing org.eclipse.e4.ui.bindings [0.12.800.v20191216-0805]
[2020-06-03 09:27:05] Installing org.eclipse.e4.ui.css.core [0.12.1000.v20200129-0903]
[2020-06-03 09:27:05] Installing org.eclipse.e4.ui.css.swt [0.13.900.v20200203-0840]
[2020-06-03 09:27:05] Installing org.eclipse.e4.ui.css.swt.theme [0.12.600.v20200124-0005]
[2020-06-03 09:27:05] Installing org.eclipse.e4.ui.di [1.2.800.v20200128-0855]
[2020-06-03 09:27:05] Installing org.eclipse.e4.ui.dialogs [1.1.700.v20200201-1719]
[2020-06-03 09:27:05] Installing org.eclipse.e4.ui.ide [3.15.0.v20200113-2039]
[2020-06-03 09:27:05] Installing org.eclipse.e4.ui.model.workbench [2.1.700.v20200113-1422]
[2020-06-03 09:27:05] Installing org.eclipse.e4.ui.services [1.3.700.v20190930-1643]
[2020-06-03 09:27:05] Installing org.eclipse.e4.ui.widgets [1.2.700.v20191222-1048]
[2020-06-03 09:27:05] Installing org.eclipse.e4.ui.workbench [1.11.200.v20200205-1503]
[2020-06-03 09:27:05] Installing org.eclipse.e4.ui.workbench.addons.swt [1.3.800.v20191212-1231]
[2020-06-03 09:27:05] Installing org.eclipse.e4.ui.workbench.renderers.swt [0.14.1100.v20200217-1217]
[2020-06-03 09:27:05] Installing org.eclipse.e4.ui.workbench.swt [0.14.900.v20200213-1442]
[2020-06-03 09:27:05] Installing org.eclipse.e4.ui.workbench3 [0.15.400.v20191216-0805]
[2020-06-03 09:27:05] Installing org.eclipse.ecf [3.9.5.v20200217-1548]
[2020-06-03 09:27:05] Installing org.eclipse.ecf.core.feature.feature.group [1.5.500.v20200217-1548]
[2020-06-03 09:27:05] Installing org.eclipse.ecf.core.feature.feature.jar [1.5.500.v20200217-1548]
[2020-06-03 09:27:05] Installing org.eclipse.ecf.core.ssl.feature.feature.group [1.1.300.v20191023-2007]
[2020-06-03 09:27:05] Installing org.eclipse.ecf.core.ssl.feature.feature.jar [1.1.300.v20191023-2007]
[2020-06-03 09:27:05] Installing org.eclipse.ecf.filetransfer [5.1.0.v20200217-0016]
[2020-06-03 09:27:05] Installing org.eclipse.ecf.filetransfer.feature.feature.group [3.14.700.v20200217-0016]
[2020-06-03 09:27:05] Installing org.eclipse.ecf.filetransfer.feature.feature.jar [3.14.700.v20200217-0016]
[2020-06-03 09:27:05] Installing org.eclipse.ecf.filetransfer.httpclient45.feature.feature.group [1.0.300.v20200217-0016]
[2020-06-03 09:27:05] Installing org.eclipse.ecf.filetransfer.httpclient45.feature.feature.jar [1.0.300.v20200217-0016]
[2020-06-03 09:27:05] Installing org.eclipse.ecf.filetransfer.ssl.feature.feature.group [1.1.200.v20191024-1546]
[2020-06-03 09:27:05] Installing org.eclipse.ecf.filetransfer.ssl.feature.feature.jar [1.1.200.v20191024-1546]
[2020-06-03 09:27:05] Installing org.eclipse.ecf.identity [3.9.300.v20191020-1846]
[2020-06-03 09:27:05] Installing org.eclipse.ecf.provider.filetransfer [3.2.500.v20191017-1905]
[2020-06-03 09:27:05] Installing org.eclipse.ecf.provider.filetransfer.httpclient45 [1.0.200.v20200212-0036]
[2020-06-03 09:27:05] Installing org.eclipse.ecf.provider.filetransfer.httpclient45.win32 [1.0.100.v20200212-0036]
[2020-06-03 09:27:05] Installing org.eclipse.ecf.provider.filetransfer.ssl [1.0.101.v20191012-1926]
[2020-06-03 09:27:05] Installing org.eclipse.ecf.ssl [1.2.300.v20191012-1926]
[2020-06-03 09:27:05] Installing org.eclipse.emf.common [2.18.0.v20191225-1014]
[2020-06-03 09:27:05] Installing org.eclipse.emf.common.feature.group [2.18.0.v20191225-1014]
[2020-06-03 09:27:05] Installing org.eclipse.emf.common.feature.jar [2.18.0.v20191225-1014]
[2020-06-03 09:27:05] Installing org.eclipse.emf.common.ui [2.18.0.v20190507-0402]
[2020-06-03 09:27:05] Installing org.eclipse.emf.ecore [2.21.0.v20200127-1342]
[2020-06-03 09:27:05] Installing org.eclipse.emf.ecore.change [2.14.0.v20190528-0725]
[2020-06-03 09:27:05] Installing org.eclipse.emf.ecore.feature.group [2.21.0.v20200127-1342]
[2020-06-03 09:27:05] Installing org.eclipse.emf.ecore.feature.jar [2.21.0.v20200127-1342]
[2020-06-03 09:27:05] Installing org.eclipse.emf.ecore.xmi [2.16.0.v20190528-0725]
[2020-06-03 09:27:05] Installing org.eclipse.emf.edit [2.16.0.v20190920-0401]
[2020-06-03 09:27:05] Installing org.eclipse.emf.edit.ui [2.18.0.v20200205-0529]
[2020-06-03 09:27:05] Installing org.eclipse.equinox.app [1.4.400.v20191212-0743]
[2020-06-03 09:27:05] Installing org.eclipse.equinox.bidi [1.2.300.v20191213-1901]
[2020-06-03 09:27:05] Installing org.eclipse.equinox.common [3.11.0.v20200206-0817]
[2020-06-03 09:27:05] Installing org.eclipse.equinox.concurrent [1.1.500.v20200106-1437]
[2020-06-03 09:27:05] Installing org.eclipse.equinox.console [1.4.0.v20190819-1430]
[2020-06-03 09:27:05] Installing org.eclipse.equinox.event [1.5.300.v20191001-1333]
[2020-06-03 09:27:05] Installing org.eclipse.equinox.frameworkadmin [2.1.400.v20191002-0702]
[2020-06-03 09:27:05] Installing org.eclipse.equinox.frameworkadmin.equinox [1.1.300.v20200211-1503]
[2020-06-03 09:27:05] Installing org.eclipse.equinox.http.jetty [3.7.400.v20200123-1333]
[2020-06-03 09:27:05] Installing org.eclipse.equinox.http.registry [1.1.700.v20190214-1948]
[2020-06-03 09:27:05] Installing org.eclipse.equinox.http.servlet [1.6.400.v20191213-1757]
[2020-06-03 09:27:05] Installing org.eclipse.equinox.jsp.jasper [1.1.400.v20191213-1757]
[2020-06-03 09:27:05] Installing org.eclipse.equinox.jsp.jasper.registry [1.1.300.v20190714-1850]
[2020-06-03 09:27:05] Installing org.eclipse.equinox.launcher [1.5.700.v20200207-2156]
[2020-06-03 09:27:05] Installing org.eclipse.equinox.launcher.win32.win32.x86_64 [1.1.1100.v20190907-0426]
[2020-06-03 09:27:05] Installing org.eclipse.equinox.p2.artifact.repository [1.3.400.v20191224-0854]
[2020-06-03 09:27:05] Installing org.eclipse.equinox.p2.console [1.1.300.v20191014-1219]
[2020-06-03 09:27:05] Installing org.eclipse.equinox.p2.core [2.6.300.v20200211-1504]
[2020-06-03 09:27:05] Installing org.eclipse.equinox.p2.core.feature.feature.group [1.6.500.v20200221-1022]
[2020-06-03 09:27:05] Installing org.eclipse.equinox.p2.core.feature.feature.jar [1.6.500.v20200221-1022]
[2020-06-03 09:27:05] Installing org.eclipse.equinox.p2.director [2.4.600.v20200211-1504]
[2020-06-03 09:27:05] Installing org.eclipse.equinox.p2.director.app [1.1.500.v20200211-1504]
[2020-06-03 09:27:05] Installing org.eclipse.equinox.p2.directorywatcher [1.2.500.v20191211-1631]
[2020-06-03 09:27:05] Installing org.eclipse.equinox.p2.engine [2.6.600.v20200110-2121]
[2020-06-03 09:27:05] Installing org.eclipse.equinox.p2.extensionlocation [1.3.400.v20191213-1911]
[2020-06-03 09:27:05] Installing org.eclipse.equinox.p2.extras.feature.feature.group [1.4.700.v20200221-1022]
[2020-06-03 09:27:05] Installing org.eclipse.equinox.p2.extras.feature.feature.jar [1.4.700.v20200221-1022]
[2020-06-03 09:27:05] Installing org.eclipse.equinox.p2.garbagecollector [1.1.400.v20200221-1022]
[2020-06-03 09:27:05] Installing org.eclipse.equinox.p2.jarprocessor [1.1.600.v20200217-1130]
[2020-06-03 09:27:05] Installing org.eclipse.equinox.p2.metadata [2.4.700.v20191213-1911]
[2020-06-03 09:27:05] Installing org.eclipse.equinox.p2.metadata.repository [1.3.400.v20191211-1528]
[2020-06-03 09:27:05] Installing org.eclipse.equinox.p2.operations [2.5.700.v20191211-1713]
[2020-06-03 09:27:05] Installing org.eclipse.equinox.p2.publisher [1.5.300.v20191016-0507]
[2020-06-03 09:27:05] Installing org.eclipse.equinox.p2.publisher.eclipse [1.3.500.v20200203-1449]
[2020-06-03 09:27:05] Installing org.eclipse.equinox.p2.rcp.feature.feature.group [1.4.700.v20200222-1600]
[2020-06-03 09:27:05] Installing org.eclipse.equinox.p2.rcp.feature.feature.jar [1.4.700.v20200222-1600]
[2020-06-03 09:27:05] Installing org.eclipse.equinox.p2.reconciler.dropins [1.3.300.v20191211-1631]
[2020-06-03 09:27:05] Installing org.eclipse.equinox.p2.repository [2.4.700.v20200110-2121]
[2020-06-03 09:27:05] Installing org.eclipse.equinox.p2.repository.tools [2.2.500.v20200110-2121]
[2020-06-03 09:27:05] Installing org.eclipse.equinox.p2.touchpoint.eclipse [2.2.600.v20200114-1339]
[2020-06-03 09:27:05] Installing org.eclipse.equinox.p2.touchpoint.natives [1.3.500.v20200218-1022]
[2020-06-03 09:27:05] Installing org.eclipse.equinox.p2.transport.ecf [1.2.400.v20200123-2221]
[2020-06-03 09:27:05] Installing org.eclipse.equinox.p2.ui [2.5.800.v20200213-1530]
[2020-06-03 09:27:05] Installing org.eclipse.equinox.p2.ui.importexport [1.2.400.v20191016-0512]
[2020-06-03 09:27:05] Installing org.eclipse.equinox.p2.ui.sdk [1.1.500.v20191016-0512]
[2020-06-03 09:27:05] Installing org.eclipse.equinox.p2.ui.sdk.scheduler [1.4.600.v20200221-0754]
[2020-06-03 09:27:05] Installing org.eclipse.equinox.p2.updatechecker [1.2.300.v20200222-1600]
[2020-06-03 09:27:05] Installing org.eclipse.equinox.p2.updatesite [1.1.300.v20191016-0515]
[2020-06-03 09:27:05] Installing org.eclipse.equinox.p2.user.ui.feature.group [2.4.700.v20200222-1600]
[2020-06-03 09:27:05] Installing org.eclipse.equinox.p2.user.ui.feature.jar [2.4.700.v20200222-1600]
[2020-06-03 09:27:05] Installing org.eclipse.equinox.preferences [3.7.700.v20191213-1901]
[2020-06-03 09:27:05] Installing org.eclipse.equinox.registry [3.8.700.v20200121-1457]
[2020-06-03 09:27:05] Installing org.eclipse.equinox.security [1.3.500.v20200114-1637]
[2020-06-03 09:27:05] Installing org.eclipse.equinox.security.ui [1.2.600.v20191213-1901]
[2020-06-03 09:27:05] Installing org.eclipse.equinox.security.win32.x86_64 [1.1.200.v20190812-0919]
[2020-06-03 09:27:05] Installing org.eclipse.equinox.simpleconfigurator [1.3.500.v20200211-1505]
[2020-06-03 09:27:05] Installing org.eclipse.equinox.simpleconfigurator.manipulator [2.1.500.v20200211-1505]
[2020-06-03 09:27:05] Installing org.eclipse.help [3.8.700.v20191212-1123]
[2020-06-03 09:27:05] Installing org.eclipse.help.base [4.2.900.v20200305-0155]
[2020-06-03 09:27:05] Installing org.eclipse.help.feature.group [2.3.100.v20200305-0155]
[2020-06-03 09:27:05] Installing org.eclipse.help.feature.jar [2.3.100.v20200305-0155]
[2020-06-03 09:27:05] Installing org.eclipse.help.ui [4.1.800.v20200218-0731]
[2020-06-03 09:27:05] Installing org.eclipse.help.webapp [3.9.800.v20200217-1539]
[2020-06-03 09:27:05] Installing org.eclipse.jetty.continuation [9.4.27.v20200227]
[2020-06-03 09:27:05] Installing org.eclipse.jetty.http [9.4.27.v20200227]
[2020-06-03 09:27:05] Installing org.eclipse.jetty.io [9.4.27.v20200227]
[2020-06-03 09:27:05] Installing org.eclipse.jetty.security [9.4.27.v20200227]
[2020-06-03 09:27:05] Installing org.eclipse.jetty.server [9.4.27.v20200227]
[2020-06-03 09:27:05] Installing org.eclipse.jetty.servlet [9.4.27.v20200227]
[2020-06-03 09:27:05] Installing org.eclipse.jetty.util [9.4.27.v20200227]
[2020-06-03 09:27:05] Installing org.eclipse.jface [3.19.0.v20200218-1607]
[2020-06-03 09:27:05] Installing org.eclipse.jface.databinding [1.11.0.v20200205-2119]
[2020-06-03 09:27:05] Installing org.eclipse.jface.text [3.16.200.v20200218-0828]
[2020-06-03 09:27:05] Installing org.eclipse.jsch.core [1.3.800.v20200106-0907]
[2020-06-03 09:27:05] Installing org.eclipse.jsch.ui [1.3.800.v20200205-0619]
[2020-06-03 09:27:05] Installing org.eclipse.ltk.core.refactoring [3.10.400.v20200215-1156]
[2020-06-03 09:27:05] Installing org.eclipse.ltk.ui.refactoring [3.10.200.v20200221-2020]
[2020-06-03 09:27:05] Installing org.eclipse.nebula.widgets.tablecombo [1.2.0.202004170724]
[2020-06-03 09:27:05] Installing org.eclipse.oomph.base [1.13.0.v20200203-0955]
[2020-06-03 09:27:05] Installing org.eclipse.oomph.base.edit [1.12.0.v20190702-1454]
[2020-06-03 09:27:05] Installing org.eclipse.oomph.extractor.lib [1.7.0.v20191111-0627]
[2020-06-03 09:27:05] Installing org.eclipse.oomph.jreinfo [1.12.0.v20191228-0803]
[2020-06-03 09:27:05] Installing org.eclipse.oomph.jreinfo.ui [1.11.0.v20191006-0741]
[2020-06-03 09:27:05] Installing org.eclipse.oomph.jreinfo.win32.x86_64 [1.7.0.v20191107-1011]
[2020-06-03 09:27:05] Installing org.eclipse.oomph.p2 [1.13.0.v20200403-0525]
[2020-06-03 09:27:05] Installing org.eclipse.oomph.p2.core [1.16.0.v20200405-0717]
[2020-06-03 09:27:05] Installing org.eclipse.oomph.p2.doc [1.11.0.v20200204-0711]
[2020-06-03 09:27:05] Installing org.eclipse.oomph.p2.edit [1.13.0.v20200403-0525]
[2020-06-03 09:27:05] Installing org.eclipse.oomph.p2.feature.group [1.16.0.v20200405-0717]
[2020-06-03 09:27:05] Installing org.eclipse.oomph.p2.feature.jar [1.16.0.v20200405-0717]
[2020-06-03 09:27:05] Installing org.eclipse.oomph.p2.ui [1.13.0.v20200226-1838]
[2020-06-03 09:27:05] Installing org.eclipse.oomph.predicates [1.11.0.v20190920-0437]
[2020-06-03 09:27:05] Installing org.eclipse.oomph.predicates.edit [1.10.0.v20180706-1242]
[2020-06-03 09:27:05] Installing org.eclipse.oomph.preferences [1.11.0.v20190920-0437]
[2020-06-03 09:27:05] Installing org.eclipse.oomph.resources [1.13.0.v20200409-0806]
[2020-06-03 09:27:05] Installing org.eclipse.oomph.resources.edit [1.10.0.v20180706-1242]
[2020-06-03 09:27:05] Installing org.eclipse.oomph.setup [1.16.0.v20200309-0628]
[2020-06-03 09:27:05] Installing org.eclipse.oomph.setup.core [1.17.0.v20200412-0914]
[2020-06-03 09:27:05] Installing org.eclipse.oomph.setup.core.feature.group [1.17.0.v20200412-0914]
[2020-06-03 09:27:05] Installing org.eclipse.oomph.setup.core.feature.jar [1.17.0.v20200412-0914]
[2020-06-03 09:27:05] Installing org.eclipse.oomph.setup.doc [1.11.0.v20200204-0711]
[2020-06-03 09:27:05] Installing org.eclipse.oomph.setup.edit [1.14.0.v20190704-1252]
[2020-06-03 09:27:05] Installing org.eclipse.oomph.setup.editor [1.17.0.v20200412-0914]
[2020-06-03 09:27:05] Installing org.eclipse.oomph.setup.feature.group [1.17.0.v20200508-0656]
[2020-06-03 09:27:05] Installing org.eclipse.oomph.setup.feature.jar [1.17.0.v20200508-0656]
[2020-06-03 09:27:05] Installing org.eclipse.oomph.setup.p2 [1.15.0.v20200404-0507]
[2020-06-03 09:27:05] Installing org.eclipse.oomph.setup.p2.edit [1.12.0.v20200202-1112]
[2020-06-03 09:27:05] Installing org.eclipse.oomph.setup.sync [1.12.0.v20200203-0955]
[2020-06-03 09:27:05] Installing org.eclipse.oomph.setup.ui [1.17.0.v20200508-0656]
[2020-06-03 09:27:05] Installing org.eclipse.oomph.setup.ui.questionnaire [1.11.0.v20200407-0508]
[2020-06-03 09:27:05] Installing org.eclipse.oomph.ui [1.14.0.v20200407-0508]
[2020-06-03 09:27:05] Installing org.eclipse.oomph.util [1.14.0.v20200319-1415]
[2020-06-03 09:27:05] Installing org.eclipse.oomph.workingsets [1.10.0.v20180706-1242]
[2020-06-03 09:27:05] Installing org.eclipse.oomph.workingsets.edit [1.10.0.v20180706-1242]
[2020-06-03 09:27:05] Installing org.eclipse.oomph.workingsets.editor [1.11.0.v20190929-1544]
[2020-06-03 09:27:05] Installing org.eclipse.osgi [3.15.200.v20200214-1600]
[2020-06-03 09:27:05] Installing org.eclipse.osgi.compatibility.state [1.1.700.v20200207-2156]
[2020-06-03 09:27:05] Installing org.eclipse.osgi.services [3.8.0.v20190206-2147]
[2020-06-03 09:27:05] Installing org.eclipse.osgi.util [3.5.300.v20190708-1141]
[2020-06-03 09:27:05] Installing org.eclipse.platform [4.15.0.v20200305-0155]
[2020-06-03 09:27:05] Installing org.eclipse.platform.doc.user [4.15.0.v20200303-1118]
[2020-06-03 09:27:05] Installing org.eclipse.platform.feature.group [4.15.0.v20200305-0155]
[2020-06-03 09:27:05] Installing org.eclipse.platform.feature.jar [4.15.0.v20200305-0155]
[2020-06-03 09:27:05] Installing org.eclipse.platform.ide [4.15.0.I20200305-0155]
[2020-06-03 09:27:05] Installing org.eclipse.platform.ide.executable.win32.win32.x86_64 [4.15.0.I20200305-0155]
[2020-06-03 09:27:05] Installing org.eclipse.platform.ide.executable.win32.win32.x86_64.eclipse [4.15.0.I20200305-0155]
[2020-06-03 09:27:05] Installing org.eclipse.platform_root [4.15.0.v20200305-0155]
[2020-06-03 09:27:05] Installing org.eclipse.rcp [4.15.0.v20200305-0155]
[2020-06-03 09:27:05] Installing org.eclipse.rcp.feature.group [4.15.0.v20200305-0155]
[2020-06-03 09:27:05] Installing org.eclipse.rcp.feature.jar [4.15.0.v20200305-0155]
[2020-06-03 09:27:05] Installing org.eclipse.rcp_root [4.15.0.v20200305-0155]
[2020-06-03 09:27:06] Installing org.eclipse.search [3.11.900.v20200211-1227]
[2020-06-03 09:27:06] Installing org.eclipse.swt [3.114.0.v20200304-0601]
[2020-06-03 09:27:06] Installing org.eclipse.swt.win32.win32.x86_64 [3.114.0.v20200304-0601]
[2020-06-03 09:27:06] Installing org.eclipse.team.core [3.8.900.v20200211-0946]
[2020-06-03 09:27:06] Installing org.eclipse.team.genericeditor.diff.extension [1.0.600.v20200212-1524]
[2020-06-03 09:27:06] Installing org.eclipse.team.ui [3.8.800.v20200211-0752]
[2020-06-03 09:27:06] Installing org.eclipse.text [3.10.100.v20200217-1239]
[2020-06-03 09:27:06] Installing org.eclipse.text.quicksearch [1.0.200.v20200218-1616]
[2020-06-03 09:27:06] Installing org.eclipse.ui [3.116.0.v20200203-1308]
[2020-06-03 09:27:06] Installing org.eclipse.ui.browser [3.6.700.v20200217-0820]
[2020-06-03 09:27:06] Installing org.eclipse.ui.cheatsheets [3.5.700.v20200216-1748]
[2020-06-03 09:27:06] Installing org.eclipse.ui.console [3.9.100.v20200215-1209]
[2020-06-03 09:27:06] Installing org.eclipse.ui.editors [3.13.100.v20200130-1507]
[2020-06-03 09:27:06] Installing org.eclipse.ui.externaltools [3.4.600.v20200113-1854]
[2020-06-03 09:27:06] Installing org.eclipse.ui.forms [3.9.0.v20200213-1442]
[2020-06-03 09:27:06] Installing org.eclipse.ui.genericeditor [1.1.700.v20200211-1227]
[2020-06-03 09:27:06] Installing org.eclipse.ui.ide [3.17.0.v20200217-1511]
[2020-06-03 09:27:06] Installing org.eclipse.ui.ide.application [1.3.600.v20200116-2127]
[2020-06-03 09:27:06] Installing org.eclipse.ui.intro [3.5.900.v20200217-1223]
[2020-06-03 09:27:06] Installing org.eclipse.ui.intro.quicklinks [1.0.400.v20191119-0804]
[2020-06-03 09:27:06] Installing org.eclipse.ui.intro.universal [3.3.800.v20200225-0735]
[2020-06-03 09:27:06] Installing org.eclipse.ui.monitoring [1.1.600.v20191106-1253]
[2020-06-03 09:27:06] Installing org.eclipse.ui.navigator [3.9.200.v20200213-1442]
[2020-06-03 09:27:06] Installing org.eclipse.ui.navigator.resources [3.7.200.v20200213-1442]
[2020-06-03 09:27:06] Installing org.eclipse.ui.net [1.3.700.v20200212-0844]
[2020-06-03 09:27:06] Installing org.eclipse.ui.themes [1.2.900.v20200106-1021]
[2020-06-03 09:27:06] Installing org.eclipse.ui.views [3.10.200.v20200213-1442]
[2020-06-03 09:27:06] Installing org.eclipse.ui.views.log [1.2.1000.v20200127-1026]
[2020-06-03 09:27:06] Installing org.eclipse.ui.views.properties.tabbed [3.8.800.v20200213-1442]
[2020-06-03 09:27:06] Installing org.eclipse.ui.win32 [3.4.300.v20190926-0808]
[2020-06-03 09:27:06] Installing org.eclipse.ui.workbench [3.118.0.v20200222-0719]
[2020-06-03 09:27:06] Installing org.eclipse.ui.workbench.texteditor [3.14.100.v20200212-1049]
[2020-06-03 09:27:06] Installing org.eclipse.update.configurator [3.4.500.v20200225-0827]
[2020-06-03 09:27:06] Installing org.eclipse.urischeme [1.0.600.v20200115-1733]
[2020-06-03 09:27:06] Installing org.eclipse.userstorage [1.2.0.v20190307-0457]
[2020-06-03 09:27:06] Installing org.eclipse.userstorage.oauth [1.1.0.v20190307-0457]
[2020-06-03 09:27:06] Installing org.eclipse.userstorage.ui [1.1.0.v20190307-0457]
[2020-06-03 09:27:06] Installing org.sat4j.core [2.3.5.v201308161310]
[2020-06-03 09:27:06] Installing org.sat4j.pb [2.3.5.v201404071733]
[2020-06-03 09:27:06] Installing org.tukaani.xz [1.8.0.v20180207-1613]
[2020-06-03 09:27:06] Installing org.w3c.css.sac [1.3.1.v200903091627]
[2020-06-03 09:27:06] Installing org.w3c.dom.events [3.0.0.draft20060413_v201105210656]
[2020-06-03 09:27:06] Installing org.w3c.dom.smil [1.0.1.v200903091627]
[2020-06-03 09:27:06] Installing org.w3c.dom.svg [1.1.0.v201011041433]
[2020-06-03 09:27:06] Installing tooling.org.eclipse.update.feature.default [1.0.0]
[2020-06-03 09:27:06] Installing tooling.osgi.bundle.default [1.0.0]
[2020-06-03 09:27:06] Installing tooling.source.default [1.0.0]
[2020-06-03 09:27:06] Installing toolingorg.eclipse.equinox.launcher [1.5.700.v20200207-2156]
[2020-06-03 09:27:06] Installing toolingorg.eclipse.equinox.launcher.win32.win32.x86_64 [1.1.1100.v20190907-0426]
[2020-06-03 09:27:06] Installing toolingorg.eclipse.platform.configuration [1.0.0]
[2020-06-03 09:27:06] Installing toolingorg.eclipse.platform.ide.application [4.15.0.I20200305-0155]
[2020-06-03 09:27:06] Installing toolingorg.eclipse.platform.ide.config.win32.win32.x86_64 [4.15.0.I20200305-0155]
[2020-06-03 09:27:06] Installing toolingorg.eclipse.platform.ide.configuration [4.15.0.I20200305-0155]
[2020-06-03 09:27:06] Installing toolingorg.eclipse.platform.ide.executable.win32.win32.x86_64 [4.15.0.I20200305-0155]
[2020-06-03 09:27:06] Installing toolingorg.eclipse.platform.ide.ini.win32.win32.x86_64 [4.15.0.I20200305-0155]
[2020-06-03 09:27:06] Installing toolingwin32.win32.x86_64org.apache.felix.scr [4.15.0.I20200305-0155]
[2020-06-03 09:27:06] Installing toolingwin32.win32.x86_64org.eclipse.core.runtime [4.15.0.I20200305-0155]
[2020-06-03 09:27:06] Installing toolingwin32.win32.x86_64org.eclipse.equinox.common [4.15.0.I20200305-0155]
[2020-06-03 09:27:06] Installing toolingwin32.win32.x86_64org.eclipse.equinox.event [4.15.0.I20200305-0155]
[2020-06-03 09:27:06] Installing toolingwin32.win32.x86_64org.eclipse.equinox.p2.reconciler.dropins [4.15.0.I20200305-0155]
[2020-06-03 09:27:06] Installing toolingwin32.win32.x86_64org.eclipse.equinox.simpleconfigurator [4.15.0.I20200305-0155]
[2020-06-03 09:27:06] Preparing to commit the provisioning operation.
[2020-06-03 09:27:06] Committing the provisioning operation.
[2020-06-03 09:27:08] Performing Eclipse Ini --launcher.appendVmargs
[2020-06-03 09:27:08] Performing Eclipse Ini -Declipse.p2.max.threads=10
[2020-06-03 09:27:08] Changing C:\Users\AdminEtu\Desktop\Outils\eclipse\taqmac_ide\eclipse\eclipse.ini (-Declipse.p2.max.threads=10)
[2020-06-03 09:27:08] Performing Eclipse Ini -Doomph.update.url=http://download.eclipse.org/oomph/updates/milestone/latest
[2020-06-03 09:27:08] Changing C:\Users\AdminEtu\Desktop\Outils\eclipse\taqmac_ide\eclipse\eclipse.ini (-Doomph.update.url=http://download.eclipse.org/oomph/updates/milestone/latest)
[2020-06-03 09:27:08] Performing Eclipse Ini -Doomph.redirection.index.redirection=index:/->http://git.eclipse.org/c/oomph/org.eclipse.oomph.git/plain/setups/
[2020-06-03 09:27:08] Changing C:\Users\AdminEtu\Desktop\Outils\eclipse\taqmac_ide\eclipse\eclipse.ini (-Doomph.redirection.index.redirection=index:/->http://git.eclipse.org/c/oomph/org.eclipse.oomph.git/plain/setups/)
[2020-06-03 09:27:08] Performing post bootstrap tasks
[2020-06-03 09:27:08] 
[2020-06-03 09:27:08] Launching the installed product...
